2026-02-17 23:11:24.806 [restartedMain] INFO  c.e.debugdemo.DebugDemoApplication - Starting DebugDemoApplication using Java 21.0.9 with PID 22248 (C:\Users\Rushikesh\Desktop\springboot-debug-tutorial\springboot-debug-tutorial\target\classes started by Rushikesh in C:\Users\Rushikesh\Desktop\springboot-debug-tutorial)
2026-02-17 23:11:24.808 [restartedMain] DEBUG c.e.debugdemo.DebugDemoApplication - Running with Spring Boot v3.2.0, Spring v6.1.1
2026-02-17 23:11:24.809 [restartedMain] INFO  c.e.debugdemo.DebugDemoApplication - No active profile set, falling back to 1 default profile: "default"
2026-02-17 23:11:24.899 [restartedMain] INFO  o.s.b.d.e.DevToolsPropertyDefaultsPostProcessor - Devtools property defaults active! Set 'spring.devtools.add-properties' to 'false' to disable
2026-02-17 23:11:24.900 [restartedMain] INFO  o.s.b.d.e.DevToolsPropertyDefaultsPostProcessor - For additional web related logging consider setting the 'logging.level.web' property to 'DEBUG'
2026-02-17 23:11:26.440 [restartedMain] INFO  o.s.d.r.c.RepositoryConfigurationDelegate - Bootstrapping Spring Data JPA repositories in DEFAULT mode.
2026-02-17 23:11:26.466 [restartedMain] DEBUG o.s.d.r.c.RepositoryConfigurationDelegate - Scanning for JPA repositories in packages com.example.debugdemo.
2026-02-17 23:11:26.479 [restartedMain] DEBUG o.s.d.r.c.RepositoryComponentProvider - Identified candidate component class: file [C:\Users\Rushikesh\Desktop\springboot-debug-tutorial\springboot-debug-tutorial\target\classes\com\example\debugdemo\repository\ProductRepository.class]
2026-02-17 23:11:26.520 [restartedMain] INFO  o.s.d.r.c.RepositoryConfigurationDelegate - Finished Spring Data repository scanning in 51 ms. Found 1 JPA repository interface.
2026-02-17 23:11:27.776 [restartedMain] INFO  o.s.b.w.e.tomcat.TomcatWebServer - Tomcat initialized with port 8080 (http)
2026-02-17 23:11:27.791 [restartedMain] INFO  o.a.catalina.core.StandardService - Starting service [Tomcat]
2026-02-17 23:11:27.792 [restartedMain] INFO  o.a.catalina.core.StandardEngine - Starting Servlet engine: [Apache Tomcat/10.1.16]
2026-02-17 23:11:27.884 [restartedMain] INFO  o.a.c.c.C.[Tomcat].[localhost].[/] - Initializing Spring embedded WebApplicationContext
2026-02-17 23:11:27.884 [restartedMain] INFO  o.s.b.w.s.c.ServletWebServerApplicationContext - Root WebApplicationContext: initialization completed in 2982 ms
2026-02-17 23:11:28.135 [restartedMain] INFO  com.zaxxer.hikari.HikariDataSource - HikariPool-1 - Starting...
2026-02-17 23:11:28.404 [restartedMain] INFO  com.zaxxer.hikari.pool.HikariPool - HikariPool-1 - Added connection conn0: url=jdbc:h2:mem:debugdb user=SA
2026-02-17 23:11:28.406 [restartedMain] INFO  com.zaxxer.hikari.HikariDataSource - HikariPool-1 - Start completed.
2026-02-17 23:11:28.420 [restartedMain] INFO  o.s.b.a.h.H2ConsoleAutoConfiguration - H2 console available at '/h2-console'. Database available at 'jdbc:h2:mem:debugdb'
2026-02-17 23:11:28.566 [restartedMain] DEBUG o.s.w.f.ServerHttpObservationFilter - Filter 'webMvcObservationFilter' configured for use
2026-02-17 23:11:28.567 [restartedMain] DEBUG c.e.d.config.RequestLoggingFilter - Filter 'requestLoggingFilter' configured for use
2026-02-17 23:11:28.735 [restartedMain] INFO  o.h.jpa.internal.util.LogHelper - HHH000204: Processing PersistenceUnitInfo [name: default]
2026-02-17 23:11:28.807 [restartedMain] INFO  org.hibernate.Version - HHH000412: Hibernate ORM core version 6.3.1.Final
2026-02-17 23:11:28.848 [restartedMain] INFO  o.h.c.i.RegionFactoryInitiator - HHH000026: Second-level cache disabled
2026-02-17 23:11:29.140 [restartedMain] INFO  o.s.o.j.p.SpringPersistenceUnitInfo - No LoadTimeWeaver setup: ignoring JPA class transformer
2026-02-17 23:11:30.103 [restartedMain] INFO  o.h.e.t.j.p.i.JtaPlatformInitiator - HHH000489: No JTA platform available (set 'hibernate.transaction.jta.platform' to enable JTA platform integration)
2026-02-17 23:11:30.120 [restartedMain] DEBUG org.hibernate.SQL - 
    drop table if exists products cascade 
2026-02-17 23:11:30.132 [restartedMain] DEBUG org.hibernate.SQL - 
    create table products (
        price numeric(10,2) not null,
        stock integer not null,
        created_at timestamp(6),
        id bigint generated by default as identity,
        updated_at timestamp(6),
        description varchar(255),
        name varchar(255) not null,
        status varchar(255) not null check (status in ('ACTIVE','INACTIVE','OUT_OF_STOCK','DISCONTINUED')),
        primary key (id)
    )
2026-02-17 23:11:30.150 [restartedMain] INFO  o.s.o.j.LocalContainerEntityManagerFactoryBean - Initialized JPA EntityManagerFactory for persistence unit 'default'
2026-02-17 23:11:30.312 [restartedMain] DEBUG o.s.d.j.r.c.JpaMetamodelMappingContextFactoryBean - Initializing JpaMetamodelMappingContext…
2026-02-17 23:11:30.335 [restartedMain] DEBUG o.s.d.j.r.c.JpaMetamodelMappingContextFactoryBean - Finished initializing JpaMetamodelMappingContext
2026-02-17 23:11:30.494 [restartedMain] DEBUG o.s.d.r.c.s.RepositoryFactorySupport - Initializing repository instance for com.example.debugdemo.repository.ProductRepository…
2026-02-17 23:11:30.616 [restartedMain] DEBUG o.s.d.j.repository.query.NamedQuery - Looking up named query Product.findByNameContainingIgnoreCase
2026-02-17 23:11:30.620 [restartedMain] DEBUG o.s.d.j.repository.query.NamedQuery - Did not find named query Product.findByNameContainingIgnoreCase
2026-02-17 23:11:30.697 [restartedMain] DEBUG o.s.d.j.repository.query.NamedQuery - Looking up named query Product.findByPriceBetween
2026-02-17 23:11:30.697 [restartedMain] DEBUG o.s.d.j.repository.query.NamedQuery - Did not find named query Product.findByPriceBetween
2026-02-17 23:11:30.711 [restartedMain] INFO  o.s.d.j.r.query.QueryEnhancerFactory - Hibernate is in classpath; If applicable, HQL parser will be used.
2026-02-17 23:11:30.890 [restartedMain] DEBUG o.s.d.j.repository.query.NamedQuery - Did not find named query Product.findActiveProductsInStock.count
2026-02-17 23:11:31.229 [restartedMain] DEBUG o.s.d.j.repository.query.NamedQuery - Did not find named query Product.searchProducts.count
2026-02-17 23:11:31.432 [restartedMain] DEBUG o.s.d.j.repository.query.NamedQuery - Looking up named query Product.findByName
2026-02-17 23:11:31.433 [restartedMain] DEBUG o.s.d.j.repository.query.NamedQuery - Did not find named query Product.findByName
2026-02-17 23:11:31.436 [restartedMain] DEBUG o.s.d.j.repository.query.NamedQuery - Looking up named query Product.findByStockGreaterThan
2026-02-17 23:11:31.436 [restartedMain] DEBUG o.s.d.j.repository.query.NamedQuery - Did not find named query Product.findByStockGreaterThan
2026-02-17 23:11:31.443 [restartedMain] DEBUG o.s.d.j.repository.query.NamedQuery - Did not find named query Product.findLowStockProducts.count
2026-02-17 23:11:31.445 [restartedMain] DEBUG o.s.d.j.repository.query.NamedQuery - Looking up named query Product.findByStatus
2026-02-17 23:11:31.445 [restartedMain] DEBUG o.s.d.j.repository.query.NamedQuery - Did not find named query Product.findByStatus
2026-02-17 23:11:31.448 [restartedMain] DEBUG o.s.d.j.repository.query.NamedQuery - Did not find named query Product.countByStatus.count
2026-02-17 23:11:31.459 [restartedMain] DEBUG o.s.d.r.c.s.RepositoryFactorySupport - Finished creation of repository instance for com.example.debugdemo.repository.ProductRepository.
2026-02-17 23:11:31.485 [restartedMain] INFO  c.e.debugdemo.service.ProductService - ProductService initialized
2026-02-17 23:11:31.530 [restartedMain] INFO  c.e.d.controller.ProductController - ProductController initialized
2026-02-17 23:11:31.741 [restartedMain] WARN  o.s.b.a.o.j.JpaBaseConfiguration$JpaWebConfiguration - spring.jpa.open-in-view is enabled by default. Therefore, database queries may be performed during view rendering. Explicitly configure spring.jpa.open-in-view to disable this warning
2026-02-17 23:11:31.967 [restartedMain] DEBUG o.s.w.s.m.m.a.RequestMappingHandlerMapping - 12 mappings in 'requestMappingHandlerMapping'
2026-02-17 23:11:32.176 [restartedMain] DEBUG o.s.w.s.h.SimpleUrlHandlerMapping - Patterns [/webjars/**, /**] in 'resourceHandlerMapping'
2026-02-17 23:11:32.243 [restartedMain] DEBUG o.s.w.s.m.m.a.RequestMappingHandlerAdapter - ControllerAdvice beans: 0 @ModelAttribute, 0 @InitBinder, 1 RequestBodyAdvice, 1 ResponseBodyAdvice
2026-02-17 23:11:32.307 [restartedMain] DEBUG o.s.w.s.m.m.a.ExceptionHandlerExceptionResolver - ControllerAdvice beans: 1 @ExceptionHandler, 1 ResponseBodyAdvice
2026-02-17 23:11:32.911 [restartedMain] INFO  o.s.b.d.a.OptionalLiveReloadServer - LiveReload server is running on port 35729
2026-02-17 23:11:32.928 [restartedMain] INFO  o.s.b.a.e.web.EndpointLinksResolver - Exposing 14 endpoint(s) beneath base path '/actuator'
2026-02-17 23:11:33.038 [restartedMain] INFO  o.s.b.w.e.tomcat.TomcatWebServer - Tomcat started on port 8080 (http) with context path ''
2026-02-17 23:11:33.057 [restartedMain] INFO  c.e.debugdemo.DebugDemoApplication - Started DebugDemoApplication in 8.805 seconds (process running for 10.875)
2026-02-17 23:11:33.209 [restartedMain] INFO  c.e.debugdemo.config.DataInitializer - Initializing sample data...
2026-02-17 23:11:33.332 [restartedMain] DEBUG org.hibernate.SQL - 
    /* insert for
        com.example.debugdemo.model.Product */insert 
    into
        products (created_at, description, name, price, status, stock, updated_at, id) 
    values
        (?, ?, ?, ?, ?, ?, ?, default)
2026-02-17 23:11:33.390 [restartedMain] DEBUG c.e.debugdemo.config.DataInitializer - Created product: id=1, name='iPhone 15 Pro'
2026-02-17 23:11:33.391 [restartedMain] DEBUG org.hibernate.SQL - 
    /* insert for
        com.example.debugdemo.model.Product */insert 
    into
        products (created_at, description, name, price, status, stock, updated_at, id) 
    values
        (?, ?, ?, ?, ?, ?, ?, default)
2026-02-17 23:11:33.393 [restartedMain] DEBUG c.e.debugdemo.config.DataInitializer - Created product: id=2, name='Samsung Galaxy S24'
2026-02-17 23:11:33.394 [restartedMain] DEBUG org.hibernate.SQL - 
    /* insert for
        com.example.debugdemo.model.Product */insert 
    into
        products (created_at, description, name, price, status, stock, updated_at, id) 
    values
        (?, ?, ?, ?, ?, ?, ?, default)
2026-02-17 23:11:33.395 [restartedMain] DEBUG c.e.debugdemo.config.DataInitializer - Created product: id=3, name='MacBook Pro 14'
2026-02-17 23:11:33.397 [restartedMain] DEBUG org.hibernate.SQL - 
    /* insert for
        com.example.debugdemo.model.Product */insert 
    into
        products (created_at, description, name, price, status, stock, updated_at, id) 
    values
        (?, ?, ?, ?, ?, ?, ?, default)
2026-02-17 23:11:33.398 [restartedMain] DEBUG c.e.debugdemo.config.DataInitializer - Created product: id=4, name='Sony WH-1000XM5'
2026-02-17 23:11:33.399 [restartedMain] DEBUG org.hibernate.SQL - 
    /* insert for
        com.example.debugdemo.model.Product */insert 
    into
        products (created_at, description, name, price, status, stock, updated_at, id) 
    values
        (?, ?, ?, ?, ?, ?, ?, default)
2026-02-17 23:11:33.400 [restartedMain] DEBUG c.e.debugdemo.config.DataInitializer - Created product: id=5, name='iPad Air'
2026-02-17 23:11:33.401 [restartedMain] DEBUG org.hibernate.SQL - 
    /* insert for
        com.example.debugdemo.model.Product */insert 
    into
        products (created_at, description, name, price, status, stock, updated_at, id) 
    values
        (?, ?, ?, ?, ?, ?, ?, default)
2026-02-17 23:11:33.402 [restartedMain] DEBUG c.e.debugdemo.config.DataInitializer - Created product: id=6, name='Apple Watch Series 9'
2026-02-17 23:11:33.403 [restartedMain] DEBUG org.hibernate.SQL - 
    /* insert for
        com.example.debugdemo.model.Product */insert 
    into
        products (created_at, description, name, price, status, stock, updated_at, id) 
    values
        (?, ?, ?, ?, ?, ?, ?, default)
2026-02-17 23:11:33.405 [restartedMain] DEBUG c.e.debugdemo.config.DataInitializer - Created product: id=7, name='AirPods Pro 2'
2026-02-17 23:11:33.406 [restartedMain] DEBUG org.hibernate.SQL - 
    /* insert for
        com.example.debugdemo.model.Product */insert 
    into
        products (created_at, description, name, price, status, stock, updated_at, id) 
    values
        (?, ?, ?, ?, ?, ?, ?, default)
2026-02-17 23:11:33.408 [restartedMain] DEBUG c.e.debugdemo.config.DataInitializer - Created product: id=8, name='Nintendo Switch OLED'
2026-02-17 23:11:33.409 [restartedMain] DEBUG org.hibernate.SQL - 
    /* insert for
        com.example.debugdemo.model.Product */insert 
    into
        products (created_at, description, name, price, status, stock, updated_at, id) 
    values
        (?, ?, ?, ?, ?, ?, ?, default)
2026-02-17 23:11:33.410 [restartedMain] DEBUG c.e.debugdemo.config.DataInitializer - Created product: id=9, name='PS5 Controller'
2026-02-17 23:11:33.411 [restartedMain] DEBUG org.hibernate.SQL - 
    /* insert for
        com.example.debugdemo.model.Product */insert 
    into
        products (created_at, description, name, price, status, stock, updated_at, id) 
    values
        (?, ?, ?, ?, ?, ?, ?, default)
2026-02-17 23:11:33.413 [restartedMain] DEBUG c.e.debugdemo.config.DataInitializer - Created product: id=10, name='Kindle Paperwhite'
2026-02-17 23:11:33.415 [restartedMain] DEBUG org.hibernate.SQL - 
    /* insert for
        com.example.debugdemo.model.Product */insert 
    into
        products (created_at, description, name, price, status, stock, updated_at, id) 
    values
        (?, ?, ?, ?, ?, ?, ?, default)
2026-02-17 23:11:33.418 [restartedMain] DEBUG org.hibernate.SQL - 
    /* insert for
        com.example.debugdemo.model.Product */insert 
    into
        products (created_at, description, name, price, status, stock, updated_at, id) 
    values
        (?, ?, ?, ?, ?, ?, ?, default)
2026-02-17 23:11:33.510 [restartedMain] DEBUG org.hibernate.SQL - 
    /* select
        count(*) 
    from
        Product x */ select
            count(*) 
        from
            products p1_0
2026-02-17 23:11:33.532 [restartedMain] INFO  c.e.debugdemo.config.DataInitializer - Sample data initialization complete. Total products: 12
2026-02-17 23:11:33.534 [restartedMain] INFO  c.e.debugdemo.DebugDemoApplication - ============================================================
2026-02-17 23:11:33.534 [restartedMain] INFO  c.e.debugdemo.DebugDemoApplication - DEBUG DEMO APPLICATION STARTED SUCCESSFULLY!
2026-02-17 23:11:33.535 [restartedMain] INFO  c.e.debugdemo.DebugDemoApplication - ============================================================
2026-02-17 23:11:33.535 [restartedMain] INFO  c.e.debugdemo.DebugDemoApplication - Useful URLs:
2026-02-17 23:11:33.535 [restartedMain] INFO  c.e.debugdemo.DebugDemoApplication -   - API: http://localhost:8080/api/products
2026-02-17 23:11:33.535 [restartedMain] INFO  c.e.debugdemo.DebugDemoApplication -   - H2 Console: http://localhost:8080/h2-console
2026-02-17 23:11:33.535 [restartedMain] INFO  c.e.debugdemo.DebugDemoApplication -   - Actuator Health: http://localhost:8080/actuator/health
2026-02-17 23:11:33.535 [restartedMain] INFO  c.e.debugdemo.DebugDemoApplication -   - Actuator Beans: http://localhost:8080/actuator/beans
2026-02-17 23:11:33.535 [restartedMain] INFO  c.e.debugdemo.DebugDemoApplication -   - Actuator Mappings: http://localhost:8080/actuator/mappings
2026-02-17 23:11:33.535 [restartedMain] INFO  c.e.debugdemo.DebugDemoApplication - ============================================================
2026-02-17 23:12:51.405 [http-nio-8080-exec-2] INFO  o.a.c.c.C.[Tomcat].[localhost].[/] - Initializing Spring DispatcherServlet 'dispatcherServlet'
2026-02-17 23:12:51.406 [http-nio-8080-exec-2] INFO  o.s.web.servlet.DispatcherServlet - Initializing Servlet 'dispatcherServlet'
2026-02-17 23:12:51.406 [http-nio-8080-exec-2] DEBUG o.s.web.servlet.DispatcherServlet - Detected StandardServletMultipartResolver
2026-02-17 23:12:51.406 [http-nio-8080-exec-2] DEBUG o.s.web.servlet.DispatcherServlet - Detected AcceptHeaderLocaleResolver
2026-02-17 23:12:51.406 [http-nio-8080-exec-2] DEBUG o.s.web.servlet.DispatcherServlet - Detected FixedThemeResolver
2026-02-17 23:12:51.408 [http-nio-8080-exec-2] DEBUG o.s.web.servlet.DispatcherServlet - Detected org.springframework.web.servlet.view.DefaultRequestToViewNameTranslator@61d00aea
2026-02-17 23:12:51.408 [http-nio-8080-exec-2] DEBUG o.s.web.servlet.DispatcherServlet - Detected org.springframework.web.servlet.support.SessionFlashMapManager@1a022253
2026-02-17 23:12:51.409 [http-nio-8080-exec-2] DEBUG o.s.web.servlet.DispatcherServlet - enableLoggingRequestDetails='false': request parameters and headers will be masked to prevent unsafe logging of potentially sensitive data
2026-02-17 23:12:51.409 [http-nio-8080-exec-2] INFO  o.s.web.servlet.DispatcherServlet - Completed initialization in 3 ms
2026-02-17 23:12:51.416 [http-nio-8080-exec-2] INFO  c.e.d.config.RequestLoggingFilter - [41932F5A] --> GET /api/products
2026-02-17 23:12:51.418 [http-nio-8080-exec-2] DEBUG c.e.d.config.RequestLoggingFilter - [41932F5A] Header: user-agent=PostmanRuntime/7.51.1
2026-02-17 23:12:51.418 [http-nio-8080-exec-2] DEBUG c.e.d.config.RequestLoggingFilter - [41932F5A] Header: accept=*/*
2026-02-17 23:12:51.418 [http-nio-8080-exec-2] DEBUG c.e.d.config.RequestLoggingFilter - [41932F5A] Header: postman-token=ea8b9bf8-9ec0-43eb-91df-c47f3eaab4f9
2026-02-17 23:12:51.418 [http-nio-8080-exec-2] DEBUG c.e.d.config.RequestLoggingFilter - [41932F5A] Header: host=localhost:8080
2026-02-17 23:12:51.418 [http-nio-8080-exec-2] DEBUG c.e.d.config.RequestLoggingFilter - [41932F5A] Header: accept-encoding=gzip, deflate, br
2026-02-17 23:12:51.418 [http-nio-8080-exec-2] DEBUG c.e.d.config.RequestLoggingFilter - [41932F5A] Header: connection=keep-alive
2026-02-17 23:12:51.433 [http-nio-8080-exec-2] DEBUG o.s.web.servlet.DispatcherServlet - GET "/api/products", parameters={}
2026-02-17 23:12:51.443 [http-nio-8080-exec-2] DEBUG o.s.w.s.m.m.a.RequestMappingHandlerMapping - Mapped to com.example.debugdemo.controller.ProductController#getAllProducts()
2026-02-17 23:12:51.455 [http-nio-8080-exec-2] DEBUG c.e.d.controller.ProductController - GET /api/products - fetching all products
2026-02-17 23:12:51.456 [http-nio-8080-exec-2] DEBUG c.e.debugdemo.service.ProductService - >>> getAllProducts() called
2026-02-17 23:12:51.477 [http-nio-8080-exec-2] DEBUG org.hibernate.SQL - 
    /* <criteria> */ select
        p1_0.id,
        p1_0.created_at,
        p1_0.description,
        p1_0.name,
        p1_0.price,
        p1_0.status,
        p1_0.stock,
        p1_0.updated_at 
    from
        products p1_0
2026-02-17 23:12:51.484 [http-nio-8080-exec-2] DEBUG c.e.debugdemo.service.ProductService - <<< getAllProducts() returning 12 products
2026-02-17 23:12:51.484 [http-nio-8080-exec-2] DEBUG c.e.d.controller.ProductController - Fetched 12 products in 29ms
2026-02-17 23:12:51.505 [http-nio-8080-exec-2] DEBUG o.s.w.s.m.m.a.HttpEntityMethodProcessor - Using 'application/json', given [*/*] and supported [application/json, application/*+json]
2026-02-17 23:12:51.507 [http-nio-8080-exec-2] DEBUG o.s.w.s.m.m.a.HttpEntityMethodProcessor - Writing [[Product{id=1, name='iPhone 15 Pro', price=999.99, stock=50, status=ACTIVE, createdAt=2026-02-17T23: (truncated)...]
2026-02-17 23:12:51.567 [http-nio-8080-exec-2] DEBUG o.s.web.servlet.DispatcherServlet - Completed 200 OK
2026-02-17 23:12:51.569 [http-nio-8080-exec-2] INFO  c.e.d.config.RequestLoggingFilter - [41932F5A] <-- 200 OK (153ms)
2026-02-17 23:13:27.103 [http-nio-8080-exec-3] INFO  c.e.d.config.RequestLoggingFilter - [F272D42E] --> GET /api/products/1
2026-02-17 23:13:27.104 [http-nio-8080-exec-3] DEBUG c.e.d.config.RequestLoggingFilter - [F272D42E] Header: user-agent=PostmanRuntime/7.51.1
2026-02-17 23:13:27.104 [http-nio-8080-exec-3] DEBUG c.e.d.config.RequestLoggingFilter - [F272D42E] Header: accept=*/*
2026-02-17 23:13:27.104 [http-nio-8080-exec-3] DEBUG c.e.d.config.RequestLoggingFilter - [F272D42E] Header: postman-token=c38484ae-29fd-4747-9a68-536991d3d16c
2026-02-17 23:13:27.104 [http-nio-8080-exec-3] DEBUG c.e.d.config.RequestLoggingFilter - [F272D42E] Header: host=localhost:8080
2026-02-17 23:13:27.104 [http-nio-8080-exec-3] DEBUG c.e.d.config.RequestLoggingFilter - [F272D42E] Header: accept-encoding=gzip, deflate, br
2026-02-17 23:13:27.104 [http-nio-8080-exec-3] DEBUG c.e.d.config.RequestLoggingFilter - [F272D42E] Header: connection=keep-alive
2026-02-17 23:13:27.105 [http-nio-8080-exec-3] DEBUG o.s.web.servlet.DispatcherServlet - GET "/api/products/1", parameters={}
2026-02-17 23:13:27.106 [http-nio-8080-exec-3] DEBUG o.s.w.s.m.m.a.RequestMappingHandlerMapping - Mapped to com.example.debugdemo.controller.ProductController#getProductById(Long)
2026-02-17 23:13:27.112 [http-nio-8080-exec-3] DEBUG c.e.d.controller.ProductController - GET /api/products/1 - fetching product
2026-02-17 23:13:27.113 [http-nio-8080-exec-3] DEBUG c.e.debugdemo.service.ProductService - >>> getProductById() called with id=1
2026-02-17 23:13:27.119 [http-nio-8080-exec-3] DEBUG org.hibernate.SQL - 
    select
        p1_0.id,
        p1_0.created_at,
        p1_0.description,
        p1_0.name,
        p1_0.price,
        p1_0.status,
        p1_0.stock,
        p1_0.updated_at 
    from
        products p1_0 
    where
        p1_0.id=?
2026-02-17 23:13:27.121 [http-nio-8080-exec-3] DEBUG c.e.debugdemo.service.ProductService - <<< getProductById() returning: Product{id=1, name='iPhone 15 Pro', price=999.99, stock=50, status=ACTIVE, createdAt=2026-02-17T23:11:33.234813}
2026-02-17 23:13:27.122 [http-nio-8080-exec-3] DEBUG c.e.d.controller.ProductController - Returning product: iPhone 15 Pro
2026-02-17 23:13:27.124 [http-nio-8080-exec-3] DEBUG o.s.w.s.m.m.a.HttpEntityMethodProcessor - Using 'application/json', given [*/*] and supported [application/json, application/*+json]
2026-02-17 23:13:27.125 [http-nio-8080-exec-3] DEBUG o.s.w.s.m.m.a.HttpEntityMethodProcessor - Writing [Product{id=1, name='iPhone 15 Pro', price=999.99, stock=50, status=ACTIVE, createdAt=2026-02-17T23:1 (truncated)...]
2026-02-17 23:13:27.125 [http-nio-8080-exec-3] DEBUG o.s.web.servlet.DispatcherServlet - Completed 200 OK
2026-02-17 23:13:27.126 [http-nio-8080-exec-3] INFO  c.e.d.config.RequestLoggingFilter - [F272D42E] <-- 200 OK (23ms)
2026-02-17 23:13:42.783 [http-nio-8080-exec-5] INFO  c.e.d.config.RequestLoggingFilter - [73863FB0] --> GET /api/products/1
2026-02-17 23:13:42.785 [http-nio-8080-exec-5] DEBUG c.e.d.config.RequestLoggingFilter - [73863FB0] Header: user-agent=PostmanRuntime/7.51.1
2026-02-17 23:13:42.785 [http-nio-8080-exec-5] DEBUG c.e.d.config.RequestLoggingFilter - [73863FB0] Header: accept=*/*
2026-02-17 23:13:42.786 [http-nio-8080-exec-5] DEBUG c.e.d.config.RequestLoggingFilter - [73863FB0] Header: postman-token=c4332804-b477-4bf5-a652-71ae71b0c866
2026-02-17 23:13:42.786 [http-nio-8080-exec-5] DEBUG c.e.d.config.RequestLoggingFilter - [73863FB0] Header: host=localhost:8080
2026-02-17 23:13:42.786 [http-nio-8080-exec-5] DEBUG c.e.d.config.RequestLoggingFilter - [73863FB0] Header: accept-encoding=gzip, deflate, br
2026-02-17 23:13:42.786 [http-nio-8080-exec-5] DEBUG c.e.d.config.RequestLoggingFilter - [73863FB0] Header: connection=keep-alive
2026-02-17 23:13:42.787 [http-nio-8080-exec-5] DEBUG o.s.web.servlet.DispatcherServlet - GET "/api/products/1", parameters={}
2026-02-17 23:13:42.789 [http-nio-8080-exec-5] DEBUG o.s.w.s.m.m.a.RequestMappingHandlerMapping - Mapped to com.example.debugdemo.controller.ProductController#getProductById(Long)
2026-02-17 23:13:42.789 [http-nio-8080-exec-5] DEBUG c.e.d.controller.ProductController - GET /api/products/1 - fetching product
2026-02-17 23:13:42.789 [http-nio-8080-exec-5] DEBUG c.e.debugdemo.service.ProductService - >>> getProductById() called with id=1
2026-02-17 23:13:42.790 [http-nio-8080-exec-5] DEBUG org.hibernate.SQL - 
    select
        p1_0.id,
        p1_0.created_at,
        p1_0.description,
        p1_0.name,
        p1_0.price,
        p1_0.status,
        p1_0.stock,
        p1_0.updated_at 
    from
        products p1_0 
    where
        p1_0.id=?
2026-02-17 23:13:42.793 [http-nio-8080-exec-5] DEBUG c.e.debugdemo.service.ProductService - <<< getProductById() returning: Product{id=1, name='iPhone 15 Pro', price=999.99, stock=50, status=ACTIVE, createdAt=2026-02-17T23:11:33.234813}
2026-02-17 23:13:42.793 [http-nio-8080-exec-5] DEBUG c.e.d.controller.ProductController - Returning product: iPhone 15 Pro
2026-02-17 23:13:42.794 [http-nio-8080-exec-5] DEBUG o.s.w.s.m.m.a.HttpEntityMethodProcessor - Using 'application/json', given [*/*] and supported [application/json, application/*+json]
2026-02-17 23:13:42.795 [http-nio-8080-exec-5] DEBUG o.s.w.s.m.m.a.HttpEntityMethodProcessor - Writing [Product{id=1, name='iPhone 15 Pro', price=999.99, stock=50, status=ACTIVE, createdAt=2026-02-17T23:1 (truncated)...]
2026-02-17 23:13:42.796 [http-nio-8080-exec-5] DEBUG o.s.web.servlet.DispatcherServlet - Completed 200 OK
2026-02-17 23:13:42.796 [http-nio-8080-exec-5] INFO  c.e.d.config.RequestLoggingFilter - [73863FB0] <-- 200 OK (13ms)
2026-02-17 23:14:20.485 [http-nio-8080-exec-4] INFO  c.e.d.config.RequestLoggingFilter - [96A1479D] --> POST /api/products
2026-02-17 23:14:20.486 [http-nio-8080-exec-4] DEBUG c.e.d.config.RequestLoggingFilter - [96A1479D] Header: content-type=application/json
2026-02-17 23:14:20.486 [http-nio-8080-exec-4] DEBUG c.e.d.config.RequestLoggingFilter - [96A1479D] Header: user-agent=PostmanRuntime/7.51.1
2026-02-17 23:14:20.486 [http-nio-8080-exec-4] DEBUG c.e.d.config.RequestLoggingFilter - [96A1479D] Header: accept=*/*
2026-02-17 23:14:20.486 [http-nio-8080-exec-4] DEBUG c.e.d.config.RequestLoggingFilter - [96A1479D] Header: postman-token=d308d7e8-eae0-4332-8c60-3b3a63214371
2026-02-17 23:14:20.486 [http-nio-8080-exec-4] DEBUG c.e.d.config.RequestLoggingFilter - [96A1479D] Header: host=localhost:8080
2026-02-17 23:14:20.486 [http-nio-8080-exec-4] DEBUG c.e.d.config.RequestLoggingFilter - [96A1479D] Header: accept-encoding=gzip, deflate, br
2026-02-17 23:14:20.486 [http-nio-8080-exec-4] DEBUG c.e.d.config.RequestLoggingFilter - [96A1479D] Header: connection=keep-alive
2026-02-17 23:14:20.486 [http-nio-8080-exec-4] DEBUG c.e.d.config.RequestLoggingFilter - [96A1479D] Header: content-length=108
2026-02-17 23:14:20.487 [http-nio-8080-exec-4] DEBUG o.s.web.servlet.DispatcherServlet - POST "/api/products", parameters={}
2026-02-17 23:14:20.488 [http-nio-8080-exec-4] DEBUG o.s.w.s.m.m.a.RequestMappingHandlerMapping - Mapped to com.example.debugdemo.controller.ProductController#createProduct(Product)
2026-02-17 23:14:20.526 [http-nio-8080-exec-4] DEBUG o.s.w.s.m.m.a.RequestResponseBodyMethodProcessor - Read "application/json;charset=UTF-8" to [Product{id=null, name='iPhone 15', price=999.99, stock=50, status=ACTIVE, createdAt=null}]
2026-02-17 23:14:20.553 [http-nio-8080-exec-4] DEBUG c.e.d.controller.ProductController - POST /api/products - creating product: iPhone 15
2026-02-17 23:14:20.554 [http-nio-8080-exec-4] DEBUG c.e.debugdemo.service.ProductService - >>> createProduct() called with: Product{id=null, name='iPhone 15', price=999.99, stock=50, status=ACTIVE, createdAt=null}
2026-02-17 23:14:20.573 [http-nio-8080-exec-4] DEBUG org.hibernate.SQL - 
    /* <criteria> */ select
        p1_0.id,
        p1_0.created_at,
        p1_0.description,
        p1_0.name,
        p1_0.price,
        p1_0.status,
        p1_0.stock,
        p1_0.updated_at 
    from
        products p1_0 
    where
        p1_0.name=?
2026-02-17 23:14:20.575 [http-nio-8080-exec-4] DEBUG org.hibernate.SQL - 
    /* insert for
        com.example.debugdemo.model.Product */insert 
    into
        products (created_at, description, name, price, status, stock, updated_at, id) 
    values
        (?, ?, ?, ?, ?, ?, ?, default)
2026-02-17 23:14:20.577 [http-nio-8080-exec-4] INFO  c.e.debugdemo.service.ProductService - Created product: id=13, name='iPhone 15'
2026-02-17 23:14:20.577 [http-nio-8080-exec-4] DEBUG c.e.debugdemo.service.ProductService - <<< createProduct() returning: Product{id=13, name='iPhone 15', price=999.99, stock=50, status=ACTIVE, createdAt=2026-02-17T23:14:20.575737}
2026-02-17 23:14:20.577 [http-nio-8080-exec-4] INFO  c.e.d.controller.ProductController - Created product with id: 13
2026-02-17 23:14:20.579 [http-nio-8080-exec-4] DEBUG o.s.w.s.m.m.a.HttpEntityMethodProcessor - Using 'application/json', given [*/*] and supported [application/json, application/*+json]
2026-02-17 23:14:20.579 [http-nio-8080-exec-4] DEBUG o.s.w.s.m.m.a.HttpEntityMethodProcessor - Writing [Product{id=13, name='iPhone 15', price=999.99, stock=50, status=ACTIVE, createdAt=2026-02-17T23:14:2 (truncated)...]
2026-02-17 23:14:20.580 [http-nio-8080-exec-4] DEBUG o.s.web.servlet.DispatcherServlet - Completed 201 CREATED
2026-02-17 23:14:20.580 [http-nio-8080-exec-4] INFO  c.e.d.config.RequestLoggingFilter - [96A1479D] <-- 201 OK (95ms)
2026-02-17 23:14:41.651 [http-nio-8080-exec-6] INFO  c.e.d.config.RequestLoggingFilter - [5496AE28] --> PUT /api/products/1
2026-02-17 23:14:41.652 [http-nio-8080-exec-6] DEBUG c.e.d.config.RequestLoggingFilter - [5496AE28] Header: user-agent=PostmanRuntime/7.51.1
2026-02-17 23:14:41.652 [http-nio-8080-exec-6] DEBUG c.e.d.config.RequestLoggingFilter - [5496AE28] Header: accept=*/*
2026-02-17 23:14:41.652 [http-nio-8080-exec-6] DEBUG c.e.d.config.RequestLoggingFilter - [5496AE28] Header: postman-token=ab485856-0f8a-4094-938a-9803fc3085d8
2026-02-17 23:14:41.652 [http-nio-8080-exec-6] DEBUG c.e.d.config.RequestLoggingFilter - [5496AE28] Header: host=localhost:8080
2026-02-17 23:14:41.652 [http-nio-8080-exec-6] DEBUG c.e.d.config.RequestLoggingFilter - [5496AE28] Header: accept-encoding=gzip, deflate, br
2026-02-17 23:14:41.653 [http-nio-8080-exec-6] DEBUG c.e.d.config.RequestLoggingFilter - [5496AE28] Header: connection=keep-alive
2026-02-17 23:14:41.653 [http-nio-8080-exec-6] DEBUG c.e.d.config.RequestLoggingFilter - [5496AE28] Header: content-length=0
2026-02-17 23:14:41.654 [http-nio-8080-exec-6] DEBUG o.s.web.servlet.DispatcherServlet - PUT "/api/products/1", parameters={}
2026-02-17 23:14:41.655 [http-nio-8080-exec-6] DEBUG o.s.w.s.m.m.a.RequestMappingHandlerMapping - Mapped to com.example.debugdemo.controller.ProductController#updateProduct(Long, Product)
2026-02-17 23:14:41.657 [http-nio-8080-exec-6] DEBUG o.s.w.s.m.m.a.RequestResponseBodyMethodProcessor - Read "application/octet-stream" to []
2026-02-17 23:14:41.660 [http-nio-8080-exec-6] DEBUG o.s.w.s.m.m.a.ExceptionHandlerExceptionResolver - Using @ExceptionHandler com.example.debugdemo.exception.GlobalExceptionHandler#handleAllExceptions(Exception, WebRequest)
2026-02-17 23:14:41.661 [http-nio-8080-exec-6] ERROR c.e.d.e.GlobalExceptionHandler - Error ID: C8692FAC - Unexpected error occurred
org.springframework.http.converter.HttpMessageNotReadableException: Required request body is missing: public org.springframework.http.ResponseEntity<com.example.debugdemo.model.Product> com.example.debugdemo.controller.ProductController.updateProduct(java.lang.Long,com.example.debugdemo.model.Product)
	at org.springframework.web.servlet.mvc.method.annotation.RequestResponseBodyMethodProcessor.readWithMessageConverters(RequestResponseBodyMethodProcessor.java:162)
	at org.springframework.web.servlet.mvc.method.annotation.RequestResponseBodyMethodProcessor.resolveArgument(RequestResponseBodyMethodProcessor.java:134)
	at org.springframework.web.method.support.HandlerMethodArgumentResolverComposite.resolveArgument(HandlerMethodArgumentResolverComposite.java:122)
	at org.springframework.web.method.support.InvocableHandlerMethod.getMethodArgumentValues(InvocableHandlerMethod.java:218)
	at org.springframework.web.method.support.InvocableHandlerMethod.invokeForRequest(InvocableHandlerMethod.java:171)
	at org.springframework.web.servlet.mvc.method.annotation.ServletInvocableHandlerMethod.invokeAndHandle(ServletInvocableHandlerMethod.java:118)
	at org.springframework.web.servlet.mvc.method.annotation.RequestMappingHandlerAdapter.invokeHandlerMethod(RequestMappingHandlerAdapter.java:917)
	at org.springframework.web.servlet.mvc.method.annotation.RequestMappingHandlerAdapter.handleInternal(RequestMappingHandlerAdapter.java:829)
	at org.springframework.web.servlet.mvc.method.AbstractHandlerMethodAdapter.handle(AbstractHandlerMethodAdapter.java:87)
	at org.springframework.web.servlet.DispatcherServlet.doDispatch(DispatcherServlet.java:1089)
	at org.springframework.web.servlet.DispatcherServlet.doService(DispatcherServlet.java:979)
	at org.springframework.web.servlet.FrameworkServlet.processRequest(FrameworkServlet.java:1014)
	at org.springframework.web.servlet.FrameworkServlet.doPut(FrameworkServlet.java:925)
	at jakarta.servlet.http.HttpServlet.service(HttpServlet.java:593)
	at org.springframework.web.servlet.FrameworkServlet.service(FrameworkServlet.java:885)
	at jakarta.servlet.http.HttpServlet.service(HttpServlet.java:658)
	at org.apache.catalina.core.ApplicationFilterChain.internalDoFilter(ApplicationFilterChain.java:205)
	at org.apache.catalina.core.ApplicationFilterChain.doFilter(ApplicationFilterChain.java:149)
	at org.apache.tomcat.websocket.server.WsFilter.doFilter(WsFilter.java:51)
	at org.apache.catalina.core.ApplicationFilterChain.internalDoFilter(ApplicationFilterChain.java:174)
	at org.apache.catalina.core.ApplicationFilterChain.doFilter(ApplicationFilterChain.java:149)
	at org.springframework.web.filter.RequestContextFilter.doFilterInternal(RequestContextFilter.java:100)
	at org.springframework.web.filter.OncePerRequestFilter.doFilter(OncePerRequestFilter.java:116)
	at org.apache.catalina.core.ApplicationFilterChain.internalDoFilter(ApplicationFilterChain.java:174)
	at org.apache.catalina.core.ApplicationFilterChain.doFilter(ApplicationFilterChain.java:149)
	at org.springframework.web.filter.FormContentFilter.doFilterInternal(FormContentFilter.java:93)
	at org.springframework.web.filter.OncePerRequestFilter.doFilter(OncePerRequestFilter.java:116)
	at org.apache.catalina.core.ApplicationFilterChain.internalDoFilter(ApplicationFilterChain.java:174)
	at org.apache.catalina.core.ApplicationFilterChain.doFilter(ApplicationFilterChain.java:149)
	at org.springframework.web.filter.ServerHttpObservationFilter.doFilterInternal(ServerHttpObservationFilter.java:109)
	at org.springframework.web.filter.OncePerRequestFilter.doFilter(OncePerRequestFilter.java:116)
	at org.apache.catalina.core.ApplicationFilterChain.internalDoFilter(ApplicationFilterChain.java:174)
	at org.apache.catalina.core.ApplicationFilterChain.doFilter(ApplicationFilterChain.java:149)
	at org.springframework.web.filter.CharacterEncodingFilter.doFilterInternal(CharacterEncodingFilter.java:201)
	at org.springframework.web.filter.OncePerRequestFilter.doFilter(OncePerRequestFilter.java:116)
	at org.apache.catalina.core.ApplicationFilterChain.internalDoFilter(ApplicationFilterChain.java:174)
	at org.apache.catalina.core.ApplicationFilterChain.doFilter(ApplicationFilterChain.java:149)
	at com.example.debugdemo.config.RequestLoggingFilter.doFilterInternal(RequestLoggingFilter.java:79)
	at org.springframework.web.filter.OncePerRequestFilter.doFilter(OncePerRequestFilter.java:116)
	at org.apache.catalina.core.ApplicationFilterChain.internalDoFilter(ApplicationFilterChain.java:174)
	at org.apache.catalina.core.ApplicationFilterChain.doFilter(ApplicationFilterChain.java:149)
	at org.apache.catalina.core.StandardWrapperValve.invoke(StandardWrapperValve.java:167)
	at org.apache.catalina.core.StandardContextValve.invoke(StandardContextValve.java:90)
	at org.apache.catalina.authenticator.AuthenticatorBase.invoke(AuthenticatorBase.java:482)
	at org.apache.catalina.core.StandardHostValve.invoke(StandardHostValve.java:115)
	at org.apache.catalina.valves.ErrorReportValve.invoke(ErrorReportValve.java:93)
	at org.apache.catalina.core.StandardEngineValve.invoke(StandardEngineValve.java:74)
	at org.apache.catalina.connector.CoyoteAdapter.service(CoyoteAdapter.java:340)
	at org.apache.coyote.http11.Http11Processor.service(Http11Processor.java:391)
	at org.apache.coyote.AbstractProcessorLight.process(AbstractProcessorLight.java:63)
	at org.apache.coyote.AbstractProtocol$ConnectionHandler.process(AbstractProtocol.java:896)
	at org.apache.tomcat.util.net.NioEndpoint$SocketProcessor.doRun(NioEndpoint.java:1744)
	at org.apache.tomcat.util.net.SocketProcessorBase.run(SocketProcessorBase.java:52)
	at org.apache.tomcat.util.threads.ThreadPoolExecutor.runWorker(ThreadPoolExecutor.java:1191)
	at org.apache.tomcat.util.threads.ThreadPoolExecutor$Worker.run(ThreadPoolExecutor.java:659)
	at org.apache.tomcat.util.threads.TaskThread$WrappingRunnable.run(TaskThread.java:61)
	at java.base/java.lang.Thread.run(Thread.java:1583)
2026-02-17 23:14:41.671 [http-nio-8080-exec-6] DEBUG o.s.w.s.m.m.a.HttpEntityMethodProcessor - Using 'application/json', given [*/*] and supported [application/json, application/*+json]
2026-02-17 23:14:41.672 [http-nio-8080-exec-6] DEBUG o.s.w.s.m.m.a.HttpEntityMethodProcessor - Writing [com.example.debugdemo.exception.GlobalExceptionHandler$ErrorResponse@39104932]
2026-02-17 23:14:41.672 [http-nio-8080-exec-6] WARN  o.s.w.s.m.m.a.ExceptionHandlerExceptionResolver - Resolved [org.springframework.http.converter.HttpMessageNotReadableException: Required request body is missing: public org.springframework.http.ResponseEntity<com.example.debugdemo.model.Product> com.example.debugdemo.controller.ProductController.updateProduct(java.lang.Long,com.example.debugdemo.model.Product)]
2026-02-17 23:14:41.672 [http-nio-8080-exec-6] DEBUG o.s.web.servlet.DispatcherServlet - Completed 500 INTERNAL_SERVER_ERROR
2026-02-17 23:14:41.673 [http-nio-8080-exec-6] ERROR c.e.d.config.RequestLoggingFilter - [5496AE28] <-- 500 SERVER_ERROR (22ms)
2026-02-17 23:15:01.488 [http-nio-8080-exec-8] INFO  c.e.d.config.RequestLoggingFilter - [DE50B893] --> PUT /api/products/1
2026-02-17 23:15:01.488 [http-nio-8080-exec-8] DEBUG c.e.d.config.RequestLoggingFilter - [DE50B893] Header: content-type=application/json
2026-02-17 23:15:01.488 [http-nio-8080-exec-8] DEBUG c.e.d.config.RequestLoggingFilter - [DE50B893] Header: user-agent=PostmanRuntime/7.51.1
2026-02-17 23:15:01.488 [http-nio-8080-exec-8] DEBUG c.e.d.config.RequestLoggingFilter - [DE50B893] Header: accept=*/*
2026-02-17 23:15:01.488 [http-nio-8080-exec-8] DEBUG c.e.d.config.RequestLoggingFilter - [DE50B893] Header: postman-token=2e0dec80-3b8c-4599-9033-3e600f84d73e
2026-02-17 23:15:01.488 [http-nio-8080-exec-8] DEBUG c.e.d.config.RequestLoggingFilter - [DE50B893] Header: host=localhost:8080
2026-02-17 23:15:01.489 [http-nio-8080-exec-8] DEBUG c.e.d.config.RequestLoggingFilter - [DE50B893] Header: accept-encoding=gzip, deflate, br
2026-02-17 23:15:01.489 [http-nio-8080-exec-8] DEBUG c.e.d.config.RequestLoggingFilter - [DE50B893] Header: connection=keep-alive
2026-02-17 23:15:01.489 [http-nio-8080-exec-8] DEBUG c.e.d.config.RequestLoggingFilter - [DE50B893] Header: content-length=52
2026-02-17 23:15:01.490 [http-nio-8080-exec-8] DEBUG o.s.web.servlet.DispatcherServlet - PUT "/api/products/1", parameters={}
2026-02-17 23:15:01.491 [http-nio-8080-exec-8] DEBUG o.s.w.s.m.m.a.RequestMappingHandlerMapping - Mapped to com.example.debugdemo.controller.ProductController#updateProduct(Long, Product)
2026-02-17 23:15:01.492 [http-nio-8080-exec-8] DEBUG o.s.w.s.m.m.a.RequestResponseBodyMethodProcessor - Read "application/json;charset=UTF-8" to [Product{id=null, name='iPhone 15 Pro', price=1199.99, stock=0, status=ACTIVE, createdAt=null}]
2026-02-17 23:15:01.493 [http-nio-8080-exec-8] DEBUG c.e.d.controller.ProductController - PUT /api/products/1 - updating product
2026-02-17 23:15:01.493 [http-nio-8080-exec-8] DEBUG c.e.debugdemo.service.ProductService - >>> updateProduct() called with id=1, details=Product{id=null, name='iPhone 15 Pro', price=1199.99, stock=0, status=ACTIVE, createdAt=null}
2026-02-17 23:15:01.493 [http-nio-8080-exec-8] DEBUG c.e.debugdemo.service.ProductService - >>> getProductById() called with id=1
2026-02-17 23:15:01.494 [http-nio-8080-exec-8] DEBUG org.hibernate.SQL - 
    select
        p1_0.id,
        p1_0.created_at,
        p1_0.description,
        p1_0.name,
        p1_0.price,
        p1_0.status,
        p1_0.stock,
        p1_0.updated_at 
    from
        products p1_0 
    where
        p1_0.id=?
2026-02-17 23:15:01.496 [http-nio-8080-exec-8] DEBUG c.e.debugdemo.service.ProductService - <<< getProductById() returning: Product{id=1, name='iPhone 15 Pro', price=999.99, stock=50, status=ACTIVE, createdAt=2026-02-17T23:11:33.234813}
2026-02-17 23:15:01.496 [http-nio-8080-exec-8] DEBUG c.e.debugdemo.service.ProductService - Changes for product 1: price[999.99->1199.99] stock[50->0] 
2026-02-17 23:15:01.498 [http-nio-8080-exec-8] INFO  c.e.debugdemo.service.ProductService - Updated product: id=1
2026-02-17 23:15:01.499 [http-nio-8080-exec-8] DEBUG c.e.debugdemo.service.ProductService - <<< updateProduct() returning: Product{id=1, name='iPhone 15 Pro', price=1199.99, stock=0, status=ACTIVE, createdAt=2026-02-17T23:11:33.234813}
2026-02-17 23:15:01.507 [http-nio-8080-exec-8] DEBUG org.hibernate.SQL - 
    /* update
        for com.example.debugdemo.model.Product */update products 
    set
        created_at=?,
        description=?,
        name=?,
        price=?,
        status=?,
        stock=?,
        updated_at=? 
    where
        id=?
2026-02-17 23:15:01.511 [http-nio-8080-exec-8] DEBUG o.s.w.s.m.m.a.HttpEntityMethodProcessor - Using 'application/json', given [*/*] and supported [application/json, application/*+json]
2026-02-17 23:15:01.512 [http-nio-8080-exec-8] DEBUG o.s.w.s.m.m.a.HttpEntityMethodProcessor - Writing [Product{id=1, name='iPhone 15 Pro', price=1199.99, stock=0, status=ACTIVE, createdAt=2026-02-17T23:1 (truncated)...]
2026-02-17 23:15:01.512 [http-nio-8080-exec-8] DEBUG o.s.web.servlet.DispatcherServlet - Completed 200 OK
2026-02-17 23:15:01.513 [http-nio-8080-exec-8] INFO  c.e.d.config.RequestLoggingFilter - [DE50B893] <-- 200 OK (25ms)
2026-02-17 23:15:15.410 [http-nio-8080-exec-9] INFO  c.e.d.config.RequestLoggingFilter - [381BD9FB] --> PUT /api/products/1
2026-02-17 23:15:15.410 [http-nio-8080-exec-9] DEBUG c.e.d.config.RequestLoggingFilter - [381BD9FB] Header: content-type=application/json
2026-02-17 23:15:15.410 [http-nio-8080-exec-9] DEBUG c.e.d.config.RequestLoggingFilter - [381BD9FB] Header: user-agent=PostmanRuntime/7.51.1
2026-02-17 23:15:15.410 [http-nio-8080-exec-9] DEBUG c.e.d.config.RequestLoggingFilter - [381BD9FB] Header: accept=*/*
2026-02-17 23:15:15.410 [http-nio-8080-exec-9] DEBUG c.e.d.config.RequestLoggingFilter - [381BD9FB] Header: postman-token=1784ceea-d967-4119-9ca0-593ce1c76e16
2026-02-17 23:15:15.410 [http-nio-8080-exec-9] DEBUG c.e.d.config.RequestLoggingFilter - [381BD9FB] Header: host=localhost:8080
2026-02-17 23:15:15.410 [http-nio-8080-exec-9] DEBUG c.e.d.config.RequestLoggingFilter - [381BD9FB] Header: accept-encoding=gzip, deflate, br
2026-02-17 23:15:15.411 [http-nio-8080-exec-9] DEBUG c.e.d.config.RequestLoggingFilter - [381BD9FB] Header: connection=keep-alive
2026-02-17 23:15:15.411 [http-nio-8080-exec-9] DEBUG c.e.d.config.RequestLoggingFilter - [381BD9FB] Header: content-length=52
2026-02-17 23:15:15.411 [http-nio-8080-exec-9] DEBUG o.s.web.servlet.DispatcherServlet - PUT "/api/products/1", parameters={}
2026-02-17 23:15:15.412 [http-nio-8080-exec-9] DEBUG o.s.w.s.m.m.a.RequestMappingHandlerMapping - Mapped to com.example.debugdemo.controller.ProductController#updateProduct(Long, Product)
2026-02-17 23:15:15.413 [http-nio-8080-exec-9] DEBUG o.s.w.s.m.m.a.RequestResponseBodyMethodProcessor - Read "application/json;charset=UTF-8" to [Product{id=null, name='iPhone 15 Pro', price=1199.99, stock=0, status=ACTIVE, createdAt=null}]
2026-02-17 23:15:15.413 [http-nio-8080-exec-9] DEBUG c.e.d.controller.ProductController - PUT /api/products/1 - updating product
2026-02-17 23:15:15.413 [http-nio-8080-exec-9] DEBUG c.e.debugdemo.service.ProductService - >>> updateProduct() called with id=1, details=Product{id=null, name='iPhone 15 Pro', price=1199.99, stock=0, status=ACTIVE, createdAt=null}
2026-02-17 23:15:15.413 [http-nio-8080-exec-9] DEBUG c.e.debugdemo.service.ProductService - >>> getProductById() called with id=1
2026-02-17 23:15:15.414 [http-nio-8080-exec-9] DEBUG org.hibernate.SQL - 
    select
        p1_0.id,
        p1_0.created_at,
        p1_0.description,
        p1_0.name,
        p1_0.price,
        p1_0.status,
        p1_0.stock,
        p1_0.updated_at 
    from
        products p1_0 
    where
        p1_0.id=?
2026-02-17 23:15:15.415 [http-nio-8080-exec-9] DEBUG c.e.debugdemo.service.ProductService - <<< getProductById() returning: Product{id=1, name='iPhone 15 Pro', price=1199.99, stock=0, status=ACTIVE, createdAt=2026-02-17T23:11:33.234813}
2026-02-17 23:15:15.415 [http-nio-8080-exec-9] DEBUG c.e.debugdemo.service.ProductService - No changes detected for product 1
2026-02-17 23:15:15.416 [http-nio-8080-exec-9] INFO  c.e.debugdemo.service.ProductService - Updated product: id=1
2026-02-17 23:15:15.416 [http-nio-8080-exec-9] DEBUG c.e.debugdemo.service.ProductService - <<< updateProduct() returning: Product{id=1, name='iPhone 15 Pro', price=1199.99, stock=0, status=ACTIVE, createdAt=2026-02-17T23:11:33.234813}
2026-02-17 23:15:15.417 [http-nio-8080-exec-9] DEBUG o.s.w.s.m.m.a.HttpEntityMethodProcessor - Using 'application/json', given [*/*] and supported [application/json, application/*+json]
2026-02-17 23:15:15.417 [http-nio-8080-exec-9] DEBUG o.s.w.s.m.m.a.HttpEntityMethodProcessor - Writing [Product{id=1, name='iPhone 15 Pro', price=1199.99, stock=0, status=ACTIVE, createdAt=2026-02-17T23:1 (truncated)...]
2026-02-17 23:15:15.417 [http-nio-8080-exec-9] DEBUG o.s.web.servlet.DispatcherServlet - Completed 200 OK
2026-02-17 23:15:15.419 [http-nio-8080-exec-9] INFO  c.e.d.config.RequestLoggingFilter - [381BD9FB] <-- 200 OK (9ms)
2026-02-17 23:15:57.608 [http-nio-8080-exec-10] INFO  c.e.d.config.RequestLoggingFilter - [80B13AF7] --> GET /api/products/1
2026-02-17 23:15:57.608 [http-nio-8080-exec-10] DEBUG c.e.d.config.RequestLoggingFilter - [80B13AF7] Header: user-agent=PostmanRuntime/7.51.1
2026-02-17 23:15:57.608 [http-nio-8080-exec-10] DEBUG c.e.d.config.RequestLoggingFilter - [80B13AF7] Header: accept=*/*
2026-02-17 23:15:57.608 [http-nio-8080-exec-10] DEBUG c.e.d.config.RequestLoggingFilter - [80B13AF7] Header: postman-token=eca8be22-6bf2-4dd2-bce4-840cd0e555ca
2026-02-17 23:15:57.608 [http-nio-8080-exec-10] DEBUG c.e.d.config.RequestLoggingFilter - [80B13AF7] Header: host=localhost:8080
2026-02-17 23:15:57.609 [http-nio-8080-exec-10] DEBUG c.e.d.config.RequestLoggingFilter - [80B13AF7] Header: accept-encoding=gzip, deflate, br
2026-02-17 23:15:57.609 [http-nio-8080-exec-10] DEBUG c.e.d.config.RequestLoggingFilter - [80B13AF7] Header: connection=keep-alive
2026-02-17 23:15:57.609 [http-nio-8080-exec-10] DEBUG o.s.web.servlet.DispatcherServlet - GET "/api/products/1", parameters={}
2026-02-17 23:15:57.611 [http-nio-8080-exec-10] DEBUG o.s.w.s.m.m.a.RequestMappingHandlerMapping - Mapped to com.example.debugdemo.controller.ProductController#getProductById(Long)
2026-02-17 23:15:57.611 [http-nio-8080-exec-10] DEBUG c.e.d.controller.ProductController - GET /api/products/1 - fetching product
2026-02-17 23:15:57.613 [http-nio-8080-exec-10] DEBUG c.e.debugdemo.service.ProductService - >>> getProductById() called with id=1
2026-02-17 23:15:57.613 [http-nio-8080-exec-10] DEBUG org.hibernate.SQL - 
    select
        p1_0.id,
        p1_0.created_at,
        p1_0.description,
        p1_0.name,
        p1_0.price,
        p1_0.status,
        p1_0.stock,
        p1_0.updated_at 
    from
        products p1_0 
    where
        p1_0.id=?
2026-02-17 23:15:57.614 [http-nio-8080-exec-10] DEBUG c.e.debugdemo.service.ProductService - <<< getProductById() returning: Product{id=1, name='iPhone 15 Pro', price=1199.99, stock=0, status=ACTIVE, createdAt=2026-02-17T23:11:33.234813}
2026-02-17 23:15:57.615 [http-nio-8080-exec-10] DEBUG c.e.d.controller.ProductController - Returning product: iPhone 15 Pro
2026-02-17 23:15:57.615 [http-nio-8080-exec-10] DEBUG o.s.w.s.m.m.a.HttpEntityMethodProcessor - Using 'application/json', given [*/*] and supported [application/json, application/*+json]
2026-02-17 23:15:57.615 [http-nio-8080-exec-10] DEBUG o.s.w.s.m.m.a.HttpEntityMethodProcessor - Writing [Product{id=1, name='iPhone 15 Pro', price=1199.99, stock=0, status=ACTIVE, createdAt=2026-02-17T23:1 (truncated)...]
2026-02-17 23:15:57.616 [http-nio-8080-exec-10] DEBUG o.s.web.servlet.DispatcherServlet - Completed 200 OK
2026-02-17 23:15:57.616 [http-nio-8080-exec-10] INFO  c.e.d.config.RequestLoggingFilter - [80B13AF7] <-- 200 OK (9ms)
2026-02-17 23:16:03.622 [http-nio-8080-exec-1] INFO  c.e.d.config.RequestLoggingFilter - [0BF19DC1] --> DELETE /api/products/1
2026-02-17 23:16:03.622 [http-nio-8080-exec-1] DEBUG c.e.d.config.RequestLoggingFilter - [0BF19DC1] Header: user-agent=PostmanRuntime/7.51.1
2026-02-17 23:16:03.622 [http-nio-8080-exec-1] DEBUG c.e.d.config.RequestLoggingFilter - [0BF19DC1] Header: accept=*/*
2026-02-17 23:16:03.622 [http-nio-8080-exec-1] DEBUG c.e.d.config.RequestLoggingFilter - [0BF19DC1] Header: postman-token=ce83428c-079b-4df9-9ad6-094e32373dec
2026-02-17 23:16:03.622 [http-nio-8080-exec-1] DEBUG c.e.d.config.RequestLoggingFilter - [0BF19DC1] Header: host=localhost:8080
2026-02-17 23:16:03.622 [http-nio-8080-exec-1] DEBUG c.e.d.config.RequestLoggingFilter - [0BF19DC1] Header: accept-encoding=gzip, deflate, br
2026-02-17 23:16:03.622 [http-nio-8080-exec-1] DEBUG c.e.d.config.RequestLoggingFilter - [0BF19DC1] Header: connection=keep-alive
2026-02-17 23:16:03.623 [http-nio-8080-exec-1] DEBUG o.s.web.servlet.DispatcherServlet - DELETE "/api/products/1", parameters={}
2026-02-17 23:16:03.624 [http-nio-8080-exec-1] DEBUG o.s.w.s.m.m.a.RequestMappingHandlerMapping - Mapped to com.example.debugdemo.controller.ProductController#deleteProduct(Long)
2026-02-17 23:16:03.624 [http-nio-8080-exec-1] DEBUG c.e.d.controller.ProductController - DELETE /api/products/1
2026-02-17 23:16:03.625 [http-nio-8080-exec-1] DEBUG c.e.debugdemo.service.ProductService - >>> deleteProduct() called with id=1
2026-02-17 23:16:03.625 [http-nio-8080-exec-1] DEBUG c.e.debugdemo.service.ProductService - >>> getProductById() called with id=1
2026-02-17 23:16:03.625 [http-nio-8080-exec-1] DEBUG org.hibernate.SQL - 
    select
        p1_0.id,
        p1_0.created_at,
        p1_0.description,
        p1_0.name,
        p1_0.price,
        p1_0.status,
        p1_0.stock,
        p1_0.updated_at 
    from
        products p1_0 
    where
        p1_0.id=?
2026-02-17 23:16:03.626 [http-nio-8080-exec-1] DEBUG c.e.debugdemo.service.ProductService - <<< getProductById() returning: Product{id=1, name='iPhone 15 Pro', price=1199.99, stock=0, status=ACTIVE, createdAt=2026-02-17T23:11:33.234813}
2026-02-17 23:16:03.630 [http-nio-8080-exec-1] INFO  c.e.debugdemo.service.ProductService - Deleted product: id=1, name='iPhone 15 Pro'
2026-02-17 23:16:03.630 [http-nio-8080-exec-1] DEBUG c.e.debugdemo.service.ProductService - <<< deleteProduct() completed
2026-02-17 23:16:03.632 [http-nio-8080-exec-1] DEBUG org.hibernate.SQL - 
    /* delete for com.example.debugdemo.model.Product */delete 
    from
        products 
    where
        id=?
2026-02-17 23:16:03.633 [http-nio-8080-exec-1] INFO  c.e.d.controller.ProductController - Deleted product: 1
2026-02-17 23:16:03.634 [http-nio-8080-exec-1] DEBUG o.s.w.s.m.m.a.HttpEntityMethodProcessor - Using 'application/json', given [*/*] and supported [application/json, application/*+json]
2026-02-17 23:16:03.634 [http-nio-8080-exec-1] DEBUG o.s.w.s.m.m.a.HttpEntityMethodProcessor - Nothing to write: null body
2026-02-17 23:16:03.635 [http-nio-8080-exec-1] DEBUG o.s.web.servlet.DispatcherServlet - Completed 204 NO_CONTENT
2026-02-17 23:16:03.635 [http-nio-8080-exec-1] INFO  c.e.d.config.RequestLoggingFilter - [0BF19DC1] <-- 204 OK (13ms)
2026-02-17 23:16:13.845 [http-nio-8080-exec-2] INFO  c.e.d.config.RequestLoggingFilter - [1422731C] --> POST /api/products
2026-02-17 23:16:13.846 [http-nio-8080-exec-2] DEBUG c.e.d.config.RequestLoggingFilter - [1422731C] Header: content-type=application/json
2026-02-17 23:16:13.846 [http-nio-8080-exec-2] DEBUG c.e.d.config.RequestLoggingFilter - [1422731C] Header: user-agent=PostmanRuntime/7.51.1
2026-02-17 23:16:13.846 [http-nio-8080-exec-2] DEBUG c.e.d.config.RequestLoggingFilter - [1422731C] Header: accept=*/*
2026-02-17 23:16:13.846 [http-nio-8080-exec-2] DEBUG c.e.d.config.RequestLoggingFilter - [1422731C] Header: postman-token=6a011f49-cb67-4309-9eb6-f58c65ac8f59
2026-02-17 23:16:13.846 [http-nio-8080-exec-2] DEBUG c.e.d.config.RequestLoggingFilter - [1422731C] Header: host=localhost:8080
2026-02-17 23:16:13.846 [http-nio-8080-exec-2] DEBUG c.e.d.config.RequestLoggingFilter - [1422731C] Header: accept-encoding=gzip, deflate, br
2026-02-17 23:16:13.847 [http-nio-8080-exec-2] DEBUG c.e.d.config.RequestLoggingFilter - [1422731C] Header: connection=keep-alive
2026-02-17 23:16:13.847 [http-nio-8080-exec-2] DEBUG c.e.d.config.RequestLoggingFilter - [1422731C] Header: content-length=108
2026-02-17 23:16:13.847 [http-nio-8080-exec-2] DEBUG o.s.web.servlet.DispatcherServlet - POST "/api/products", parameters={}
2026-02-17 23:16:13.849 [http-nio-8080-exec-2] DEBUG o.s.w.s.m.m.a.RequestMappingHandlerMapping - Mapped to com.example.debugdemo.controller.ProductController#createProduct(Product)
2026-02-17 23:16:13.850 [http-nio-8080-exec-2] DEBUG o.s.w.s.m.m.a.RequestResponseBodyMethodProcessor - Read "application/json;charset=UTF-8" to [Product{id=null, name='iPhone 15', price=999.99, stock=50, status=ACTIVE, createdAt=null}]
2026-02-17 23:16:13.851 [http-nio-8080-exec-2] DEBUG c.e.d.controller.ProductController - POST /api/products - creating product: iPhone 15
2026-02-17 23:16:13.852 [http-nio-8080-exec-2] DEBUG c.e.debugdemo.service.ProductService - >>> createProduct() called with: Product{id=null, name='iPhone 15', price=999.99, stock=50, status=ACTIVE, createdAt=null}
2026-02-17 23:16:13.854 [http-nio-8080-exec-2] DEBUG org.hibernate.SQL - 
    /* <criteria> */ select
        p1_0.id,
        p1_0.created_at,
        p1_0.description,
        p1_0.name,
        p1_0.price,
        p1_0.status,
        p1_0.stock,
        p1_0.updated_at 
    from
        products p1_0 
    where
        p1_0.name=?
2026-02-17 23:16:13.856 [http-nio-8080-exec-2] WARN  c.e.debugdemo.service.ProductService - Duplicate product name: 'iPhone 15'
2026-02-17 23:16:13.858 [http-nio-8080-exec-2] DEBUG o.s.w.s.m.m.a.ExceptionHandlerExceptionResolver - Using @ExceptionHandler com.example.debugdemo.exception.GlobalExceptionHandler#handleBusinessLogic(BusinessLogicException, WebRequest)
2026-02-17 23:16:13.858 [http-nio-8080-exec-2] WARN  c.e.d.e.GlobalExceptionHandler - Error ID: 75F56D5F - Business logic error: Product with name 'iPhone 15' already exists - Code: DUPLICATE_NAME
2026-02-17 23:16:13.859 [http-nio-8080-exec-2] DEBUG o.s.w.s.m.m.a.HttpEntityMethodProcessor - Using 'application/json', given [*/*] and supported [application/json, application/*+json]
2026-02-17 23:16:13.859 [http-nio-8080-exec-2] DEBUG o.s.w.s.m.m.a.HttpEntityMethodProcessor - Writing [com.example.debugdemo.exception.GlobalExceptionHandler$ErrorResponse@3625dd38]
2026-02-17 23:16:13.860 [http-nio-8080-exec-2] WARN  o.s.w.s.m.m.a.ExceptionHandlerExceptionResolver - Resolved [com.example.debugdemo.exception.BusinessLogicException: Product with name 'iPhone 15' already exists]
2026-02-17 23:16:13.860 [http-nio-8080-exec-2] DEBUG o.s.web.servlet.DispatcherServlet - Completed 400 BAD_REQUEST
2026-02-17 23:16:13.861 [http-nio-8080-exec-2] WARN  c.e.d.config.RequestLoggingFilter - [1422731C] <-- 400 CLIENT_ERROR (16ms)
2026-02-17 23:16:23.828 [http-nio-8080-exec-5] INFO  c.e.d.config.RequestLoggingFilter - [C2E0C742] --> POST /api/products
2026-02-17 23:16:23.828 [http-nio-8080-exec-5] DEBUG c.e.d.config.RequestLoggingFilter - [C2E0C742] Header: content-type=application/json
2026-02-17 23:16:23.828 [http-nio-8080-exec-5] DEBUG c.e.d.config.RequestLoggingFilter - [C2E0C742] Header: user-agent=PostmanRuntime/7.51.1
2026-02-17 23:16:23.828 [http-nio-8080-exec-5] DEBUG c.e.d.config.RequestLoggingFilter - [C2E0C742] Header: accept=*/*
2026-02-17 23:16:23.830 [http-nio-8080-exec-5] DEBUG c.e.d.config.RequestLoggingFilter - [C2E0C742] Header: postman-token=40d8465b-d9f7-4866-9b30-0f3137a3d0d3
2026-02-17 23:16:23.830 [http-nio-8080-exec-5] DEBUG c.e.d.config.RequestLoggingFilter - [C2E0C742] Header: host=localhost:8080
2026-02-17 23:16:23.830 [http-nio-8080-exec-5] DEBUG c.e.d.config.RequestLoggingFilter - [C2E0C742] Header: accept-encoding=gzip, deflate, br
2026-02-17 23:16:23.830 [http-nio-8080-exec-5] DEBUG c.e.d.config.RequestLoggingFilter - [C2E0C742] Header: connection=keep-alive
2026-02-17 23:16:23.830 [http-nio-8080-exec-5] DEBUG c.e.d.config.RequestLoggingFilter - [C2E0C742] Header: content-length=108
2026-02-17 23:16:23.830 [http-nio-8080-exec-5] DEBUG o.s.web.servlet.DispatcherServlet - POST "/api/products", parameters={}
2026-02-17 23:16:23.831 [http-nio-8080-exec-5] DEBUG o.s.w.s.m.m.a.RequestMappingHandlerMapping - Mapped to com.example.debugdemo.controller.ProductController#createProduct(Product)
2026-02-17 23:16:23.831 [http-nio-8080-exec-5] DEBUG o.s.w.s.m.m.a.RequestResponseBodyMethodProcessor - Read "application/json;charset=UTF-8" to [Product{id=null, name='iPhone 16', price=999.99, stock=50, status=ACTIVE, createdAt=null}]
2026-02-17 23:16:23.832 [http-nio-8080-exec-5] DEBUG c.e.d.controller.ProductController - POST /api/products - creating product: iPhone 16
2026-02-17 23:16:23.832 [http-nio-8080-exec-5] DEBUG c.e.debugdemo.service.ProductService - >>> createProduct() called with: Product{id=null, name='iPhone 16', price=999.99, stock=50, status=ACTIVE, createdAt=null}
2026-02-17 23:16:23.834 [http-nio-8080-exec-5] DEBUG org.hibernate.SQL - 
    /* <criteria> */ select
        p1_0.id,
        p1_0.created_at,
        p1_0.description,
        p1_0.name,
        p1_0.price,
        p1_0.status,
        p1_0.stock,
        p1_0.updated_at 
    from
        products p1_0 
    where
        p1_0.name=?
2026-02-17 23:16:23.836 [http-nio-8080-exec-5] DEBUG org.hibernate.SQL - 
    /* insert for
        com.example.debugdemo.model.Product */insert 
    into
        products (created_at, description, name, price, status, stock, updated_at, id) 
    values
        (?, ?, ?, ?, ?, ?, ?, default)
2026-02-17 23:16:23.837 [http-nio-8080-exec-5] INFO  c.e.debugdemo.service.ProductService - Created product: id=14, name='iPhone 16'
2026-02-17 23:16:23.837 [http-nio-8080-exec-5] DEBUG c.e.debugdemo.service.ProductService - <<< createProduct() returning: Product{id=14, name='iPhone 16', price=999.99, stock=50, status=ACTIVE, createdAt=2026-02-17T23:16:23.835645600}
2026-02-17 23:16:23.837 [http-nio-8080-exec-5] INFO  c.e.d.controller.ProductController - Created product with id: 14
2026-02-17 23:16:23.838 [http-nio-8080-exec-5] DEBUG o.s.w.s.m.m.a.HttpEntityMethodProcessor - Using 'application/json', given [*/*] and supported [application/json, application/*+json]
2026-02-17 23:16:23.838 [http-nio-8080-exec-5] DEBUG o.s.w.s.m.m.a.HttpEntityMethodProcessor - Writing [Product{id=14, name='iPhone 16', price=999.99, stock=50, status=ACTIVE, createdAt=2026-02-17T23:16:2 (truncated)...]
2026-02-17 23:16:23.839 [http-nio-8080-exec-5] DEBUG o.s.web.servlet.DispatcherServlet - Completed 201 CREATED
2026-02-17 23:16:23.839 [http-nio-8080-exec-5] INFO  c.e.d.config.RequestLoggingFilter - [C2E0C742] <-- 201 OK (11ms)
2026-02-17 23:16:29.102 [http-nio-8080-exec-4] INFO  c.e.d.config.RequestLoggingFilter - [5CF86782] --> GET /api/products
2026-02-17 23:16:29.102 [http-nio-8080-exec-4] DEBUG c.e.d.config.RequestLoggingFilter - [5CF86782] Header: user-agent=PostmanRuntime/7.51.1
2026-02-17 23:16:29.103 [http-nio-8080-exec-4] DEBUG c.e.d.config.RequestLoggingFilter - [5CF86782] Header: accept=*/*
2026-02-17 23:16:29.103 [http-nio-8080-exec-4] DEBUG c.e.d.config.RequestLoggingFilter - [5CF86782] Header: postman-token=37b73ead-9130-4996-b8ef-4e6def0f865b
2026-02-17 23:16:29.103 [http-nio-8080-exec-4] DEBUG c.e.d.config.RequestLoggingFilter - [5CF86782] Header: host=localhost:8080
2026-02-17 23:16:29.103 [http-nio-8080-exec-4] DEBUG c.e.d.config.RequestLoggingFilter - [5CF86782] Header: accept-encoding=gzip, deflate, br
2026-02-17 23:16:29.103 [http-nio-8080-exec-4] DEBUG c.e.d.config.RequestLoggingFilter - [5CF86782] Header: connection=keep-alive
2026-02-17 23:16:29.103 [http-nio-8080-exec-4] DEBUG o.s.web.servlet.DispatcherServlet - GET "/api/products", parameters={}
2026-02-17 23:16:29.104 [http-nio-8080-exec-4] DEBUG o.s.w.s.m.m.a.RequestMappingHandlerMapping - Mapped to com.example.debugdemo.controller.ProductController#getAllProducts()
2026-02-17 23:16:29.104 [http-nio-8080-exec-4] DEBUG c.e.d.controller.ProductController - GET /api/products - fetching all products
2026-02-17 23:16:29.104 [http-nio-8080-exec-4] DEBUG c.e.debugdemo.service.ProductService - >>> getAllProducts() called
2026-02-17 23:16:29.105 [http-nio-8080-exec-4] DEBUG org.hibernate.SQL - 
    /* <criteria> */ select
        p1_0.id,
        p1_0.created_at,
        p1_0.description,
        p1_0.name,
        p1_0.price,
        p1_0.status,
        p1_0.stock,
        p1_0.updated_at 
    from
        products p1_0
2026-02-17 23:16:29.108 [http-nio-8080-exec-4] DEBUG c.e.debugdemo.service.ProductService - <<< getAllProducts() returning 13 products
2026-02-17 23:16:29.109 [http-nio-8080-exec-4] DEBUG c.e.d.controller.ProductController - Fetched 13 products in 5ms
2026-02-17 23:16:29.109 [http-nio-8080-exec-4] DEBUG o.s.w.s.m.m.a.HttpEntityMethodProcessor - Using 'application/json', given [*/*] and supported [application/json, application/*+json]
2026-02-17 23:16:29.109 [http-nio-8080-exec-4] DEBUG o.s.w.s.m.m.a.HttpEntityMethodProcessor - Writing [[Product{id=2, name='Samsung Galaxy S24', price=899.99, stock=75, status=ACTIVE, createdAt=2026-02-1 (truncated)...]
2026-02-17 23:16:29.110 [http-nio-8080-exec-4] DEBUG o.s.web.servlet.DispatcherServlet - Completed 200 OK
2026-02-17 23:16:29.110 [http-nio-8080-exec-4] INFO  c.e.d.config.RequestLoggingFilter - [5CF86782] <-- 200 OK (8ms)
2026-02-17 23:18:24.016 [SpringApplicationShutdownHook] INFO  o.s.o.j.LocalContainerEntityManagerFactoryBean - Closing JPA EntityManagerFactory for persistence unit 'default'
2026-02-17 23:18:24.016 [SpringApplicationShutdownHook] DEBUG org.hibernate.SQL - 
    drop table if exists products cascade 
2026-02-17 23:18:24.023 [SpringApplicationShutdownHook] WARN  o.s.b.f.s.DisposableBeanAdapter - Invocation of destroy method failed on bean with name 'inMemoryDatabaseShutdownExecutor': org.h2.jdbc.JdbcSQLNonTransientConnectionException: Database is already closed (to disable automatic closing at VM shutdown, add ";DB_CLOSE_ON_EXIT=FALSE" to the db URL) [90121-224]
2026-02-17 23:18:24.025 [SpringApplicationShutdownHook] INFO  com.zaxxer.hikari.HikariDataSource - HikariPool-1 - Shutdown initiated...
2026-02-17 23:18:24.026 [SpringApplicationShutdownHook] INFO  com.zaxxer.hikari.HikariDataSource - HikariPool-1 - Shutdown completed.
